2025-02-01 00:48:06,475 - INFO - Successfully fetched seasonal data for years: [2023]
2025-02-01 00:48:06,476 - INFO - Starting to fetch PBP data for years: [2023]
2025-02-01 00:48:14,742 - INFO - Successfully fetched PBP data for years: [2023]
2025-02-01 00:48:14,744 - INFO - PBP data columns: ['play_id', 'game_id', 'old_game_id_x', 'home_team', 'away_team', 'season_type', 'week', 'posteam', 'posteam_type', 'defteam', 'side_of_field', 'yardline_100', 'game_date', 'quarter_seconds_remaining', 'half_seconds_remaining', 'game_seconds_remaining', 'game_half', 'quarter_end', 'drive', 'sp', 'qtr', 'down', 'goal_to_go', 'time', 'yrdln', 'ydstogo', 'ydsnet', 'desc', 'play_type', 'yards_gained', 'shotgun', 'no_huddle', 'qb_dropback', 'qb_kneel', 'qb_spike', 'qb_scramble', 'pass_length', 'pass_location', 'air_yards', 'yards_after_catch', 'run_location', 'run_gap', 'field_goal_result', 'kick_distance', 'extra_point_result', 'two_point_conv_result', 'home_timeouts_remaining', 'away_timeouts_remaining', 'timeout', 'timeout_team', 'td_team', 'td_player_name', 'td_player_id', 'posteam_timeouts_remaining', 'defteam_timeouts_remaining', 'total_home_score', 'total_away_score', 'posteam_score', 'defteam_score', 'score_differential', 'posteam_score_post', 'defteam_score_post', 'score_differential_post', 'no_score_prob', 'opp_fg_prob', 'opp_safety_prob', 'opp_td_prob', 'fg_prob', 'safety_prob', 'td_prob', 'extra_point_prob', 'two_point_conversion_prob', 'ep', 'epa', 'total_home_epa', 'total_away_epa', 'total_home_rush_epa', 'total_away_rush_epa', 'total_home_pass_epa', 'total_away_pass_epa', 'air_epa', 'yac_epa', 'comp_air_epa', 'comp_yac_epa', 'total_home_comp_air_epa', 'total_away_comp_air_epa', 'total_home_comp_yac_epa', 'total_away_comp_yac_epa', 'total_home_raw_air_epa', 'total_away_raw_air_epa', 'total_home_raw_yac_epa', 'total_away_raw_yac_epa', 'wp', 'def_wp', 'home_wp', 'away_wp', 'wpa', 'vegas_wpa', 'vegas_home_wpa', 'home_wp_post', 'away_wp_post', 'vegas_wp', 'vegas_home_wp', 'total_home_rush_wpa', 'total_away_rush_wpa', 'total_home_pass_wpa', 'total_away_pass_wpa', 'air_wpa', 'yac_wpa', 'comp_air_wpa', 'comp_yac_wpa', 'total_home_comp_air_wpa', 'total_away_comp_air_wpa', 'total_home_comp_yac_wpa', 'total_away_comp_yac_wpa', 'total_home_raw_air_wpa', 'total_away_raw_air_wpa', 'total_home_raw_yac_wpa', 'total_away_raw_yac_wpa', 'punt_blocked', 'first_down_rush', 'first_down_pass', 'first_down_penalty', 'third_down_converted', 'third_down_failed', 'fourth_down_converted', 'fourth_down_failed', 'incomplete_pass', 'touchback', 'interception', 'punt_inside_twenty', 'punt_in_endzone', 'punt_out_of_bounds', 'punt_downed', 'punt_fair_catch', 'kickoff_inside_twenty', 'kickoff_in_endzone', 'kickoff_out_of_bounds', 'kickoff_downed', 'kickoff_fair_catch', 'fumble_forced', 'fumble_not_forced', 'fumble_out_of_bounds', 'solo_tackle', 'safety', 'penalty', 'tackled_for_loss', 'fumble_lost', 'own_kickoff_recovery', 'own_kickoff_recovery_td', 'qb_hit', 'rush_attempt', 'pass_attempt', 'sack', 'touchdown', 'pass_touchdown', 'rush_touchdown', 'return_touchdown', 'extra_point_attempt', 'two_point_attempt', 'field_goal_attempt', 'kickoff_attempt', 'punt_attempt', 'fumble', 'complete_pass', 'assist_tackle', 'lateral_reception', 'lateral_rush', 'lateral_return', 'lateral_recovery', 'passer_player_id', 'passer_player_name', 'passing_yards', 'receiver_player_id', 'receiver_player_name', 'receiving_yards', 'rusher_player_id', 'rusher_player_name', 'rushing_yards', 'lateral_receiver_player_id', 'lateral_receiver_player_name', 'lateral_receiving_yards', 'lateral_rusher_player_id', 'lateral_rusher_player_name', 'lateral_rushing_yards', 'lateral_sack_player_id', 'lateral_sack_player_name', 'interception_player_id', 'interception_player_name', 'lateral_interception_player_id', 'lateral_interception_player_name', 'punt_returner_player_id', 'punt_returner_player_name', 'lateral_punt_returner_player_id', 'lateral_punt_returner_player_name', 'kickoff_returner_player_name', 'kickoff_returner_player_id', 'lateral_kickoff_returner_player_id', 'lateral_kickoff_returner_player_name', 'punter_player_id', 'punter_player_name', 'kicker_player_name', 'kicker_player_id', 'own_kickoff_recovery_player_id', 'own_kickoff_recovery_player_name', 'blocked_player_id', 'blocked_player_name', 'tackle_for_loss_1_player_id', 'tackle_for_loss_1_player_name', 'tackle_for_loss_2_player_id', 'tackle_for_loss_2_player_name', 'qb_hit_1_player_id', 'qb_hit_1_player_name', 'qb_hit_2_player_id', 'qb_hit_2_player_name', 'forced_fumble_player_1_team', 'forced_fumble_player_1_player_id', 'forced_fumble_player_1_player_name', 'forced_fumble_player_2_team', 'forced_fumble_player_2_player_id', 'forced_fumble_player_2_player_name', 'solo_tackle_1_team', 'solo_tackle_2_team', 'solo_tackle_1_player_id', 'solo_tackle_2_player_id', 'solo_tackle_1_player_name', 'solo_tackle_2_player_name', 'assist_tackle_1_player_id', 'assist_tackle_1_player_name', 'assist_tackle_1_team', 'assist_tackle_2_player_id', 'assist_tackle_2_player_name', 'assist_tackle_2_team', 'assist_tackle_3_player_id', 'assist_tackle_3_player_name', 'assist_tackle_3_team', 'assist_tackle_4_player_id', 'assist_tackle_4_player_name', 'assist_tackle_4_team', 'tackle_with_assist', 'tackle_with_assist_1_player_id', 'tackle_with_assist_1_player_name', 'tackle_with_assist_1_team', 'tackle_with_assist_2_player_id', 'tackle_with_assist_2_player_name', 'tackle_with_assist_2_team', 'pass_defense_1_player_id', 'pass_defense_1_player_name', 'pass_defense_2_player_id', 'pass_defense_2_player_name', 'fumbled_1_team', 'fumbled_1_player_id', 'fumbled_1_player_name', 'fumbled_2_player_id', 'fumbled_2_player_name', 'fumbled_2_team', 'fumble_recovery_1_team', 'fumble_recovery_1_yards', 'fumble_recovery_1_player_id', 'fumble_recovery_1_player_name', 'fumble_recovery_2_team', 'fumble_recovery_2_yards', 'fumble_recovery_2_player_id', 'fumble_recovery_2_player_name', 'sack_player_id', 'sack_player_name', 'half_sack_1_player_id', 'half_sack_1_player_name', 'half_sack_2_player_id', 'half_sack_2_player_name', 'return_team', 'return_yards', 'penalty_team', 'penalty_player_id', 'penalty_player_name', 'penalty_yards', 'replay_or_challenge', 'replay_or_challenge_result', 'penalty_type', 'defensive_two_point_attempt', 'defensive_two_point_conv', 'defensive_extra_point_attempt', 'defensive_extra_point_conv', 'safety_player_name', 'safety_player_id', 'season', 'cp', 'cpoe', 'series', 'series_success', 'series_result', 'order_sequence', 'start_time', 'time_of_day', 'stadium', 'weather', 'nfl_api_id', 'play_clock', 'play_deleted', 'play_type_nfl', 'special_teams_play', 'st_play_type', 'end_clock_time', 'end_yard_line', 'fixed_drive', 'fixed_drive_result', 'drive_real_start_time', 'drive_play_count', 'drive_time_of_possession', 'drive_first_downs', 'drive_inside20', 'drive_ended_with_score', 'drive_quarter_start', 'drive_quarter_end', 'drive_yards_penalized', 'drive_start_transition', 'drive_end_transition', 'drive_game_clock_start', 'drive_game_clock_end', 'drive_start_yard_line', 'drive_end_yard_line', 'drive_play_id_started', 'drive_play_id_ended', 'away_score', 'home_score', 'location', 'result', 'total', 'spread_line', 'total_line', 'div_game', 'roof', 'surface', 'temp', 'wind', 'home_coach', 'away_coach', 'stadium_id', 'game_stadium', 'aborted_play', 'success', 'passer', 'passer_jersey_number', 'rusher', 'rusher_jersey_number', 'receiver', 'receiver_jersey_number', 'pass', 'rush', 'first_down', 'special', 'play', 'passer_id', 'rusher_id', 'receiver_id', 'name', 'jersey_number', 'id', 'fantasy_player_name', 'fantasy_player_id', 'fantasy', 'fantasy_id', 'out_of_bounds', 'home_opening_kickoff', 'qb_epa', 'xyac_epa', 'xyac_mean_yardage', 'xyac_median_yardage', 'xyac_success', 'xyac_fd', 'xpass', 'pass_oe', 'nflverse_game_id', 'old_game_id_y', 'possession_team', 'offense_formation', 'offense_personnel', 'defenders_in_box', 'defense_personnel', 'number_of_pass_rushers', 'players_on_play', 'offense_players', 'defense_players', 'n_offense', 'n_defense', 'ngs_air_yards', 'time_to_throw', 'was_pressure', 'route', 'defense_man_zone_type', 'defense_coverage_type']
2025-02-01 00:48:14,783 - INFO - Sample aggregated game-level data:
           game_id home_team away_team  home_score  away_score
0  2023_01_ARI_WAS       WAS       ARI          20          16
1  2023_01_BUF_NYJ       NYJ       BUF          22          16
2  2023_01_CAR_ATL       ATL       CAR          24          10
3  2023_01_CIN_CLE       CLE       CIN          24           3
4  2023_01_DAL_NYG       NYG       DAL           0          40
2025-02-01 00:48:15,515 - INFO - Successfully fetched roster data for years: [2023]
2025-02-01 00:48:15,515 - INFO - Starting data cleaning process...
2025-02-01 00:48:15,529 - INFO - No tied games found.
2025-02-01 00:48:15,530 - INFO - Data cleaning and aggregation completed successfully.
2025-02-01 00:48:15,530 - INFO - Cleaned team-level data preview:
2025-02-01 00:48:15,535 - INFO - 
  team  fantasy_points  completions  passing_yards  rushing_yards  receiving_yards  games   points  avg_fantasy_points  avg_passing_yards  avg_rushing_yards  avg_receiving_yards  wins
0  ARI          847.14          188         1861.0         2141.0           3306.0    158   7308.0            5.361646          11.778481          13.550633            20.924051     4
1  ATL          965.60          327         3775.0         2163.0           3883.0    174   9821.0            5.549425          21.695402          12.431034            22.316092     7
2  BAL         1233.54          328         3881.0         2875.0           3928.0    186  10684.0            6.631935          20.865591          15.456989            21.118280    14
3  BUF         1212.04          385         4306.0         2212.0           4306.0    169  10824.0            7.171834          25.479290          13.088757            25.479290    12
4  CAR          783.50          350         3245.0         1792.0           3285.0    179   8322.0            4.377095          18.128492          10.011173            18.351955     2
2025-02-01 00:48:15,543 - INFO - Starting model training and evaluation...
2025-02-01 00:48:15,545 - INFO - Target variable distribution:
2025-02-01 00:48:15,546 - INFO - 
0    18
1    14
Name: wins, dtype: int64
2025-02-01 00:48:36,864 - INFO - Best parameters found: {'bootstrap': True, 'max_depth': None, 'min_samples_leaf': 4, 'min_samples_split': 2, 'n_estimators': 100}
2025-02-01 00:48:36,906 - INFO - 
Model Evaluation Metrics:
2025-02-01 00:48:36,906 - INFO - Accuracy: 0.57
2025-02-01 00:48:36,906 - INFO - Precision: 0.50
2025-02-01 00:48:36,906 - INFO - Recall: 0.67
2025-02-01 00:48:36,906 - INFO - F1-Score: 0.57
2025-02-01 00:48:36,906 - INFO - ROC-AUC: 0.75
2025-02-01 00:48:36,906 - INFO - 
Classification Report:
2025-02-01 00:48:36,908 - INFO - 
              precision    recall  f1-score   support

           0       0.67      0.50      0.57         4
           1       0.50      0.67      0.57         3

    accuracy                           0.57         7
   macro avg       0.58      0.58      0.57         7
weighted avg       0.60      0.57      0.57         7

2025-02-01 00:48:50,196 - INFO - Feature importances plotted.
2025-02-01 00:48:50,196 - INFO - Model training and evaluation completed successfully.
2025-02-01 00:48:50,196 - INFO - Starting prediction and betting strategy...
2025-02-01 00:48:50,200 - INFO - Teams meeting the threshold (0.75): 11
2025-02-01 00:48:50,201 - INFO - Team: BUF, Win Probability: 0.94, Bet Amount: $93.82
2025-02-01 00:48:50,201 - INFO - Team: DAL, Win Probability: 0.90, Bet Amount: $90.21
2025-02-01 00:48:50,203 - INFO - Team: DET, Win Probability: 0.97, Bet Amount: $97.11
2025-02-01 00:48:50,203 - INFO - Team: GB, Win Probability: 0.79, Bet Amount: $78.66
2025-02-01 00:48:50,204 - INFO - Team: HOU, Win Probability: 0.80, Bet Amount: $79.95
2025-02-01 00:48:50,204 - INFO - Team: JAX, Win Probability: 0.81, Bet Amount: $81.03
2025-02-01 00:48:50,204 - INFO - Team: LA, Win Probability: 0.97, Bet Amount: $96.98
2025-02-01 00:48:50,205 - INFO - Team: MIA, Win Probability: 0.97, Bet Amount: $97.11
2025-02-01 00:48:50,205 - INFO - Team: MIN, Win Probability: 0.96, Bet Amount: $95.64
2025-02-01 00:48:50,206 - INFO - Team: PHI, Win Probability: 0.97, Bet Amount: $96.98
2025-02-01 00:48:50,206 - INFO - Team: SF, Win Probability: 0.97, Bet Amount: $97.11
2025-02-01 00:48:50,206 - INFO - Starting visualization of win probabilities...
2025-02-01 00:48:58,271 - INFO - Visualization completed successfully.
2025-02-01 00:48:58,272 - INFO - Starting betting simulation...
2025-02-01 00:48:58,272 - INFO - Simulating Week 1...
2025-02-01 00:48:58,272 - INFO - Starting prediction and betting strategy...
2025-02-01 00:48:58,278 - INFO - Teams meeting the threshold (0.75): 11
2025-02-01 00:48:58,279 - INFO - Team: BUF, Win Probability: 0.94, Bet Amount: $93.82
2025-02-01 00:48:58,280 - INFO - Team: DAL, Win Probability: 0.90, Bet Amount: $90.21
2025-02-01 00:48:58,280 - INFO - Team: DET, Win Probability: 0.97, Bet Amount: $97.11
2025-02-01 00:48:58,281 - INFO - Team: GB, Win Probability: 0.79, Bet Amount: $78.66
2025-02-01 00:48:58,281 - INFO - Team: HOU, Win Probability: 0.80, Bet Amount: $79.95
2025-02-01 00:48:58,281 - INFO - Team: JAX, Win Probability: 0.81, Bet Amount: $81.03
2025-02-01 00:48:58,281 - INFO - Team: LA, Win Probability: 0.97, Bet Amount: $96.98
2025-02-01 00:48:58,281 - INFO - Team: MIA, Win Probability: 0.97, Bet Amount: $97.11
2025-02-01 00:48:58,281 - INFO - Team: MIN, Win Probability: 0.96, Bet Amount: $95.64
2025-02-01 00:48:58,282 - INFO - Team: PHI, Win Probability: 0.97, Bet Amount: $96.98
2025-02-01 00:48:58,282 - INFO - Team: SF, Win Probability: 0.97, Bet Amount: $97.11
2025-02-01 00:48:58,282 - INFO - Week 1 - Team: BUF, Profit: $1330.83
2025-02-01 00:48:58,282 - INFO - Week 1 - Team: DAL, Profit: $741.02
2025-02-01 00:48:58,282 - INFO - Week 1 - Team: DET, Profit: $3161.05
2025-02-01 00:48:58,282 - INFO - Week 1 - Team: GB, Profit: $211.23
2025-02-01 00:48:58,282 - INFO - Week 1 - Team: HOU, Profit: $238.94
2025-02-01 00:48:58,282 - INFO - Week 1 - Team: JAX, Profit: $265.09
2025-02-01 00:48:58,282 - INFO - Week 1 - Team: LA, Profit: $3018.25
2025-02-01 00:48:58,282 - INFO - Week 1 - Team: MIA, Profit: $3161.05
2025-02-01 00:48:58,283 - INFO - Week 1 - Team: MIN, Profit: $2003.13
2025-02-01 00:48:58,283 - INFO - Week 1 - Team: PHI, Profit: $3018.25
2025-02-01 00:48:58,283 - INFO - Week 1 - Team: SF, Profit: $3161.05
2025-02-01 00:48:58,283 - INFO - Week 1 Profit: $20309.90
2025-02-01 00:48:58,283 - INFO - Simulating Week 2...
2025-02-01 00:48:58,283 - INFO - Starting prediction and betting strategy...
2025-02-01 00:48:58,289 - INFO - Teams meeting the threshold (0.75): 11
2025-02-01 00:48:58,291 - INFO - Team: BUF, Win Probability: 0.94, Bet Amount: $93.82
2025-02-01 00:48:58,291 - INFO - Team: DAL, Win Probability: 0.90, Bet Amount: $90.21
2025-02-01 00:48:58,291 - INFO - Team: DET, Win Probability: 0.97, Bet Amount: $97.11
2025-02-01 00:48:58,292 - INFO - Team: GB, Win Probability: 0.79, Bet Amount: $78.66
2025-02-01 00:48:58,292 - INFO - Team: HOU, Win Probability: 0.80, Bet Amount: $79.95
2025-02-01 00:48:58,292 - INFO - Team: JAX, Win Probability: 0.81, Bet Amount: $81.03
2025-02-01 00:48:58,292 - INFO - Team: LA, Win Probability: 0.97, Bet Amount: $96.98
2025-02-01 00:48:58,293 - INFO - Team: MIA, Win Probability: 0.97, Bet Amount: $97.11
2025-02-01 00:48:58,293 - INFO - Team: MIN, Win Probability: 0.96, Bet Amount: $95.64
2025-02-01 00:48:58,293 - INFO - Team: PHI, Win Probability: 0.97, Bet Amount: $96.98
2025-02-01 00:48:58,293 - INFO - Team: SF, Win Probability: 0.97, Bet Amount: $97.11
2025-02-01 00:48:58,293 - INFO - Week 2 - Team: BUF, Profit: $1330.83
2025-02-01 00:48:58,293 - INFO - Week 2 - Team: DAL, Profit: $741.02
2025-02-01 00:48:58,293 - INFO - Week 2 - Team: DET, Profit: $3161.05
2025-02-01 00:48:58,293 - INFO - Week 2 - Team: GB, Profit: $211.23
2025-02-01 00:48:58,293 - INFO - Week 2 - Team: HOU, Profit: $238.94
2025-02-01 00:48:58,293 - INFO - Week 2 - Team: JAX, Profit: $265.09
2025-02-01 00:48:58,293 - INFO - Week 2 - Team: LA, Profit: $3018.25
2025-02-01 00:48:58,293 - INFO - Week 2 - Team: MIA, Profit: $3161.05
2025-02-01 00:48:58,295 - INFO - Week 2 - Team: MIN, Profit: $2003.13
2025-02-01 00:48:58,295 - INFO - Week 2 - Team: PHI, Profit: $3018.25
2025-02-01 00:48:58,295 - INFO - Week 2 - Team: SF, Profit: $3161.05
2025-02-01 00:48:58,295 - INFO - Week 2 Profit: $20309.90
2025-02-01 00:48:58,295 - INFO - Simulating Week 3...
2025-02-01 00:48:58,296 - INFO - Starting prediction and betting strategy...
2025-02-01 00:48:58,304 - INFO - Teams meeting the threshold (0.75): 11
2025-02-01 00:48:58,305 - INFO - Team: BUF, Win Probability: 0.94, Bet Amount: $93.82
2025-02-01 00:48:58,306 - INFO - Team: DAL, Win Probability: 0.90, Bet Amount: $90.21
2025-02-01 00:48:58,306 - INFO - Team: DET, Win Probability: 0.97, Bet Amount: $97.11
2025-02-01 00:48:58,307 - INFO - Team: GB, Win Probability: 0.79, Bet Amount: $78.66
2025-02-01 00:48:58,308 - INFO - Team: HOU, Win Probability: 0.80, Bet Amount: $79.95
2025-02-01 00:48:58,308 - INFO - Team: JAX, Win Probability: 0.81, Bet Amount: $81.03
2025-02-01 00:48:58,309 - INFO - Team: LA, Win Probability: 0.97, Bet Amount: $96.98
2025-02-01 00:48:58,309 - INFO - Team: MIA, Win Probability: 0.97, Bet Amount: $97.11
2025-02-01 00:48:58,310 - INFO - Team: MIN, Win Probability: 0.96, Bet Amount: $95.64
2025-02-01 00:48:58,310 - INFO - Team: PHI, Win Probability: 0.97, Bet Amount: $96.98
2025-02-01 00:48:58,310 - INFO - Team: SF, Win Probability: 0.97, Bet Amount: $97.11
2025-02-01 00:48:58,311 - INFO - Week 3 - Team: BUF, Profit: $1330.83
2025-02-01 00:48:58,311 - INFO - Week 3 - Team: DAL, Profit: $741.02
2025-02-01 00:48:58,311 - INFO - Week 3 - Team: DET, Profit: $3161.05
2025-02-01 00:48:58,311 - INFO - Week 3 - Team: GB, Profit: $211.23
2025-02-01 00:48:58,311 - INFO - Week 3 - Team: HOU, Profit: $238.94
2025-02-01 00:48:58,311 - INFO - Week 3 - Team: JAX, Profit: $265.09
2025-02-01 00:48:58,311 - INFO - Week 3 - Team: LA, Profit: $3018.25
2025-02-01 00:48:58,311 - INFO - Week 3 - Team: MIA, Profit: $3161.05
2025-02-01 00:48:58,311 - INFO - Week 3 - Team: MIN, Profit: $2003.13
2025-02-01 00:48:58,311 - INFO - Week 3 - Team: PHI, Profit: $3018.25
2025-02-01 00:48:58,311 - INFO - Week 3 - Team: SF, Profit: $3161.05
2025-02-01 00:48:58,312 - INFO - Week 3 Profit: $20309.90
2025-02-01 00:48:58,312 - INFO - Simulating Week 4...
2025-02-01 00:48:58,312 - INFO - Starting prediction and betting strategy...
2025-02-01 00:48:58,322 - INFO - Teams meeting the threshold (0.75): 11
2025-02-01 00:48:58,326 - INFO - Team: BUF, Win Probability: 0.94, Bet Amount: $93.82
2025-02-01 00:48:58,327 - INFO - Team: DAL, Win Probability: 0.90, Bet Amount: $90.21
2025-02-01 00:48:58,328 - INFO - Team: DET, Win Probability: 0.97, Bet Amount: $97.11
2025-02-01 00:48:58,329 - INFO - Team: GB, Win Probability: 0.79, Bet Amount: $78.66
2025-02-01 00:48:58,330 - INFO - Team: HOU, Win Probability: 0.80, Bet Amount: $79.95
2025-02-01 00:48:58,330 - INFO - Team: JAX, Win Probability: 0.81, Bet Amount: $81.03
2025-02-01 00:48:58,332 - INFO - Team: LA, Win Probability: 0.97, Bet Amount: $96.98
2025-02-01 00:48:58,333 - INFO - Team: MIA, Win Probability: 0.97, Bet Amount: $97.11
2025-02-01 00:48:58,333 - INFO - Team: MIN, Win Probability: 0.96, Bet Amount: $95.64
2025-02-01 00:48:58,334 - INFO - Team: PHI, Win Probability: 0.97, Bet Amount: $96.98
2025-02-01 00:48:58,334 - INFO - Team: SF, Win Probability: 0.97, Bet Amount: $97.11
2025-02-01 00:48:58,335 - INFO - Week 4 - Team: BUF, Profit: $1330.83
2025-02-01 00:48:58,335 - INFO - Week 4 - Team: DAL, Profit: $741.02
2025-02-01 00:48:58,335 - INFO - Week 4 - Team: DET, Profit: $3161.05
2025-02-01 00:48:58,335 - INFO - Week 4 - Team: GB, Profit: $211.23
2025-02-01 00:48:58,335 - INFO - Week 4 - Team: HOU, Profit: $238.94
2025-02-01 00:48:58,335 - INFO - Week 4 - Team: JAX, Profit: $265.09
2025-02-01 00:48:58,335 - INFO - Week 4 - Team: LA, Profit: $3018.25
2025-02-01 00:48:58,335 - INFO - Week 4 - Team: MIA, Profit: $3161.05
2025-02-01 00:48:58,335 - INFO - Week 4 - Team: MIN, Profit: $2003.13
2025-02-01 00:48:58,335 - INFO - Week 4 - Team: PHI, Profit: $3018.25
2025-02-01 00:48:58,335 - INFO - Week 4 - Team: SF, Profit: $3161.05
2025-02-01 00:48:58,335 - INFO - Week 4 Profit: $20309.90
2025-02-01 00:48:58,335 - INFO - Simulating Week 5...
2025-02-01 00:48:58,336 - INFO - Starting prediction and betting strategy...
2025-02-01 00:48:58,347 - INFO - Teams meeting the threshold (0.75): 11
2025-02-01 00:48:58,351 - INFO - Team: BUF, Win Probability: 0.94, Bet Amount: $93.82
2025-02-01 00:48:58,352 - INFO - Team: DAL, Win Probability: 0.90, Bet Amount: $90.21
2025-02-01 00:48:58,353 - INFO - Team: DET, Win Probability: 0.97, Bet Amount: $97.11
2025-02-01 00:48:58,354 - INFO - Team: GB, Win Probability: 0.79, Bet Amount: $78.66
2025-02-01 00:48:58,354 - INFO - Team: HOU, Win Probability: 0.80, Bet Amount: $79.95
2025-02-01 00:48:58,355 - INFO - Team: JAX, Win Probability: 0.81, Bet Amount: $81.03
2025-02-01 00:48:58,355 - INFO - Team: LA, Win Probability: 0.97, Bet Amount: $96.98
2025-02-01 00:48:58,355 - INFO - Team: MIA, Win Probability: 0.97, Bet Amount: $97.11
2025-02-01 00:48:58,356 - INFO - Team: MIN, Win Probability: 0.96, Bet Amount: $95.64
2025-02-01 00:48:58,356 - INFO - Team: PHI, Win Probability: 0.97, Bet Amount: $96.98
2025-02-01 00:48:58,357 - INFO - Team: SF, Win Probability: 0.97, Bet Amount: $97.11
2025-02-01 00:48:58,357 - INFO - Week 5 - Team: BUF, Profit: $1330.83
2025-02-01 00:48:58,357 - INFO - Week 5 - Team: DAL, Profit: $741.02
2025-02-01 00:48:58,357 - INFO - Week 5 - Team: DET, Profit: $3161.05
2025-02-01 00:48:58,357 - INFO - Week 5 - Team: GB, Profit: $211.23
2025-02-01 00:48:58,357 - INFO - Week 5 - Team: HOU, Profit: $238.94
2025-02-01 00:48:58,357 - INFO - Week 5 - Team: JAX, Profit: $265.09
2025-02-01 00:48:58,357 - INFO - Week 5 - Team: LA, Profit: $3018.25
2025-02-01 00:48:58,357 - INFO - Week 5 - Team: MIA, Profit: $3161.05
2025-02-01 00:48:58,357 - INFO - Week 5 - Team: MIN, Profit: $2003.13
2025-02-01 00:48:58,357 - INFO - Week 5 - Team: PHI, Profit: $3018.25
2025-02-01 00:48:58,357 - INFO - Week 5 - Team: SF, Profit: $3161.05
2025-02-01 00:48:58,358 - INFO - Week 5 Profit: $20309.90
2025-02-01 00:48:58,358 - INFO - Total Profit after 5 weeks: $101549.48
2025-02-01 00:48:58,358 - INFO - Total ROI: 1846.35%
2025-02-01 00:50:25,816 - INFO - Script started. Use data ethically and comply with local betting laws.
2025-02-01 00:50:29,605 - ERROR - HTTP error in fetch_nfl_seasonal_stats: 403 Client Error: HTTP Forbidden for url: https://api.sportradar.us/nfl/official/trial/v7/en/seasons/2023/REG/teams/768c92aa-75ff-4a43-bcc0-f2798c2e1724/statistics.json?api_key=OGMaI8bEeIxSJmj4L8KFRTJhhO6T8sCTqhU3b347
2025-02-01 00:50:38,025 - INFO - Script started. Use data ethically and comply with local betting laws.
2025-02-01 00:50:41,345 - ERROR - HTTP error in fetch_nfl_seasonal_stats: 403 Client Error: HTTP Forbidden for url: https://api.sportradar.us/nfl/official/trial/v7/en/seasons/2023/REG/teams/768c92aa-75ff-4a43-bcc0-f2798c2e1724/statistics.json?api_key=OGMaI8bEeIxSJmj4L8KFRTJhhO6T8sCTqhU3b347
